<?xml version="1.0" encoding="UTF-8"?>
<!-- Generated by org.testng.reporters.JUnitReportReporter -->
<testsuite hostname="DESKTOP-HADT1D5" failures="0" tests="4" name="com.nxtgenai.beforeandafterannotation.ScreenNavigationClass" time="0.008" errors="0" timestamp="2022-11-16T22:01:07 IST" skipped="0">
  <testcase classname="com.nxtgenai.beforeandafterannotation.ScreenNavigationClass" name="navigateToRegisterDemo" time="0.005"/>
  <system-out/>
  <testcase classname="com.nxtgenai.beforeandafterannotation.ScreenNavigationClass" name="navigateToAlertPopUp" time="0.001"/>
  <system-out/>
  <testcase classname="com.nxtgenai.beforeandafterannotation.ScreenNavigationClass" name="navigateToMultipleWindows" time="0.001"/>
  <system-out/>
  <testcase classname="com.nxtgenai.beforeandafterannotation.ScreenNavigationClass" name="navigateToWebTable" time="0.001"/>
  <system-out/>
</testsuite> <!-- com.nxtgenai.beforeandafterannotation.ScreenNavigationClass -->
