<?xml version="1.0" encoding="UTF-8"?>
<!-- Generated by org.testng.reporters.JUnitReportReporter -->
<testsuite hostname="DESKTOP-HADT1D5" failures="0" tests="2" name="com.nxtgenai.grouping.PaymentTest" time="0.012" errors="0" timestamp="2022-12-07T23:49:28 IST" skipped="0">
  <testcase classname="com.nxtgenai.grouping.PaymentTest" name="cashOnDelivery" time="0.010"/>
  <system-out/>
  <testcase classname="com.nxtgenai.grouping.PaymentTest" name="netBanking" time="0.002"/>
  <system-out/>
</testsuite> <!-- com.nxtgenai.grouping.PaymentTest -->
