<?xml version="1.0" encoding="UTF-8"?>
<!-- Generated by org.testng.reporters.JUnitReportReporter -->
<testsuite hostname="DESKTOP-HADT1D5" failures="0" tests="3" name="com.nxtgenai.crossbrowsertesting.TestNGParameterDemo" time="0.013" errors="0" timestamp="2022-12-04T14:59:42 IST" skipped="0">
  <testcase classname="com.nxtgenai.crossbrowsertesting.TestNGParameterDemo" name="sub" time="0.010"/>
  <system-out/>
  <testcase classname="com.nxtgenai.crossbrowsertesting.TestNGParameterDemo" name="add" time="0.001"/>
  <system-out/>
  <testcase classname="com.nxtgenai.crossbrowsertesting.TestNGParameterDemo" name="div" time="0.002"/>
  <system-out/>
</testsuite> <!-- com.nxtgenai.crossbrowsertesting.TestNGParameterDemo -->
