<?xml version="1.0" encoding="UTF-8"?>
<!-- Generated by org.testng.reporters.JUnitReportReporter -->
<testsuite hostname="DESKTOP-HADT1D5" failures="0" tests="11" name="com.nxtgenai.crossbrowsertesting.SampleThreadProgram" time="0.143" errors="0" timestamp="2022-12-31T16:04:02 IST" skipped="0">
  <testcase classname="com.nxtgenai.crossbrowsertesting.SampleThreadProgram" name="testCase4" time="0.014"/>
  <system-out/>
  <testcase classname="com.nxtgenai.crossbrowsertesting.SampleThreadProgram" name="testCase3" time="0.017"/>
  <system-out/>
  <testcase classname="com.nxtgenai.crossbrowsertesting.SampleThreadProgram" name="testCase11" time="0.015"/>
  <system-out/>
  <testcase classname="com.nxtgenai.crossbrowsertesting.SampleThreadProgram" name="testCase2" time="0.024"/>
  <system-out/>
  <testcase classname="com.nxtgenai.crossbrowsertesting.SampleThreadProgram" name="testCase6" time="0.013"/>
  <system-out/>
  <testcase classname="com.nxtgenai.crossbrowsertesting.SampleThreadProgram" name="testCase1" time="0.016"/>
  <system-out/>
  <testcase classname="com.nxtgenai.crossbrowsertesting.SampleThreadProgram" name="testCase9" time="0.002"/>
  <system-out/>
  <testcase classname="com.nxtgenai.crossbrowsertesting.SampleThreadProgram" name="testCase7" time="0.001"/>
  <system-out/>
  <testcase classname="com.nxtgenai.crossbrowsertesting.SampleThreadProgram" name="testCase8" time="0.006"/>
  <system-out/>
  <testcase classname="com.nxtgenai.crossbrowsertesting.SampleThreadProgram" name="testCase10" time="0.017"/>
  <system-out/>
  <testcase classname="com.nxtgenai.crossbrowsertesting.SampleThreadProgram" name="testCase5" time="0.018"/>
  <system-out/>
</testsuite> <!-- com.nxtgenai.crossbrowsertesting.SampleThreadProgram -->
