<?xml version="1.0" encoding="UTF-8"?>
<!-- Generated by org.testng.reporters.JUnitReportReporter -->
<testsuite hostname="DESKTOP-HADT1D5" failures="0" tests="3" name="com.nxtgenai.dataprovidertesting.DataProviderDemo" time="52.707" errors="0" timestamp="2022-12-04T17:02:23 IST" skipped="0">
  <testcase classname="com.nxtgenai.dataprovidertesting.DataProviderDemo" name="searchGoogle" time="16.316"/>
  <system-out/>
  <testcase classname="com.nxtgenai.dataprovidertesting.DataProviderDemo" name="searchGoogle" time="22.526"/>
  <system-out/>
  <testcase classname="com.nxtgenai.dataprovidertesting.DataProviderDemo" name="searchGoogle" time="13.865"/>
  <system-out/>
</testsuite> <!-- com.nxtgenai.dataprovidertesting.DataProviderDemo -->
