<?xml version="1.0" encoding="UTF-8"?>
<!-- Generated by org.testng.reporters.JUnitReportReporter -->
<testsuite hostname="DESKTOP-HADT1D5" failures="0" tests="2" name="com.nxtgenai.dataprovidertesting.DataProviderDemo1" time="6.361" errors="0" timestamp="2022-12-04T17:47:29 IST" skipped="0">
  <testcase classname="com.nxtgenai.dataprovidertesting.DataProviderDemo1" name="login" time="2.838"/>
  <system-out/>
  <testcase classname="com.nxtgenai.dataprovidertesting.DataProviderDemo1" name="login" time="3.523"/>
  <system-out/>
</testsuite> <!-- com.nxtgenai.dataprovidertesting.DataProviderDemo1 -->
