<?xml version="1.0" encoding="UTF-8"?>
<!-- Generated by org.testng.reporters.JUnitReportReporter -->
<testsuite hostname="DESKTOP-HADT1D5" failures="0" tests="6" name="com.nxtgenai.testngannotation.BankingApplicationAssertValidation" time="0.027" errors="0" timestamp="2022-11-16T23:47:05 IST" skipped="1">
  <testcase classname="com.nxtgenai.testngannotation.BankingApplicationAssertValidation" name="launchApplication" time="0.019"/>
  <system-out/>
  <testcase classname="com.nxtgenai.testngannotation.BankingApplicationAssertValidation" name="loginUser" time="0.002"/>
  <system-out/>
  <testcase classname="com.nxtgenai.testngannotation.BankingApplicationAssertValidation" name="checkCurrentAccountBalance" time="0.002"/>
  <system-out/>
  <testcase classname="com.nxtgenai.testngannotation.BankingApplicationAssertValidation" name="logout" time="0.002"/>
  <system-out/>
  <testcase classname="com.nxtgenai.testngannotation.BankingApplicationAssertValidation" name="closeApplication" time="0.002"/>
  <system-out/>
  <testcase classname="com.nxtgenai.testngannotation.BankingApplicationAssertValidation" name="checkSavingAccountBalance">
    <skipped/>
  </testcase> <!-- checkSavingAccountBalance -->
  <system-out/>
</testsuite> <!-- com.nxtgenai.testngannotation.BankingApplicationAssertValidation -->
