<?xml version="1.0" encoding="UTF-8"?>
<!-- Generated by org.testng.reporters.JUnitReportReporter -->
<testsuite hostname="DESKTOP-HADT1D5" failures="0" tests="4" name="com.nxtgenai.beforeandafterannotation.ScreenNavigation" time="0.021" errors="0" timestamp="2022-11-12T14:46:07 IST" skipped="0">
  <testcase classname="com.nxtgenai.beforeandafterannotation.ScreenNavigation" name="navigateToRegisterDemo" time="0.008"/>
  <system-out/>
  <testcase classname="com.nxtgenai.beforeandafterannotation.ScreenNavigation" name="navigateToAlertPopUp" time="0.011"/>
  <system-out/>
  <testcase classname="com.nxtgenai.beforeandafterannotation.ScreenNavigation" name="navigateToMultipleWindows" time="0.001"/>
  <system-out/>
  <testcase classname="com.nxtgenai.beforeandafterannotation.ScreenNavigation" name="navigateToWebTable" time="0.001"/>
  <system-out/>
</testsuite> <!-- com.nxtgenai.beforeandafterannotation.ScreenNavigation -->
