<?xml version="1.0" encoding="UTF-8"?>
<!-- Generated by org.testng.reporters.JUnitReportReporter -->
<testsuite hostname="DESKTOP-HADT1D5" failures="0" tests="1" name="com.nxtgenai.extentandtestngreports.TestNGReportDemo1" time="14.633" errors="0" timestamp="2022-12-30T00:54:38 IST" skipped="0">
  <testcase classname="com.nxtgenai.extentandtestngreports.TestNGReportDemo1" name="search" time="14.633"/>
  <system-out>
    <![CDATA[Chrome Browser launched
Browser launched
Url is opened
Search keyword and hi enter key
closing he browser]]>
  </system-out>
</testsuite> <!-- com.nxtgenai.extentandtestngreports.TestNGReportDemo1 -->
