<?xml version="1.0" encoding="UTF-8"?>
<!-- Generated by org.testng.reporters.JUnitReportReporter -->
<testsuite hostname="DESKTOP-HADT1D5" failures="0" tests="3" name="com.nxtgenai.grouping.HomeScreenTest" time="0.015" errors="0" timestamp="2022-12-07T23:48:16 IST" skipped="0">
  <testcase classname="com.nxtgenai.grouping.HomeScreenTest" name="verifyLogo" time="0.002"/>
  <system-out/>
  <testcase classname="com.nxtgenai.grouping.HomeScreenTest" name="launchApplication" time="0.011"/>
  <system-out/>
  <testcase classname="com.nxtgenai.grouping.HomeScreenTest" name="verifyTitle" time="0.002"/>
  <system-out/>
</testsuite> <!-- com.nxtgenai.grouping.HomeScreenTest -->
