<?xml version="1.0" encoding="UTF-8"?>
<!-- Generated by org.testng.reporters.JUnitReportReporter -->
<testsuite hostname="DESKTOP-HADT1D5" failures="0" tests="6" name="com.nxtgenai.testngannotation.BankingApplicationHardDependency" time="0.014" errors="0" timestamp="2022-11-12T16:39:10 IST" skipped="0">
  <testcase classname="com.nxtgenai.testngannotation.BankingApplicationHardDependency" name="closeApplication" time="0.001"/>
  <system-out/>
  <testcase classname="com.nxtgenai.testngannotation.BankingApplicationHardDependency" name="loginUser" time="0.001"/>
  <system-out/>
  <testcase classname="com.nxtgenai.testngannotation.BankingApplicationHardDependency" name="logout" time="0.003"/>
  <system-out/>
  <testcase classname="com.nxtgenai.testngannotation.BankingApplicationHardDependency" name="launchApplication" time="0.003"/>
  <system-out/>
  <testcase classname="com.nxtgenai.testngannotation.BankingApplicationHardDependency" name="checkCurrentAccountBalance" time="0.004"/>
  <system-out/>
  <testcase classname="com.nxtgenai.testngannotation.BankingApplicationHardDependency" name="checkSavingAccountBalance" time="0.002"/>
  <system-out/>
</testsuite> <!-- com.nxtgenai.testngannotation.BankingApplicationHardDependency -->
