<?xml version="1.0" encoding="UTF-8"?>
<!-- Generated by org.testng.reporters.JUnitReportReporter -->
<testsuite hostname="DESKTOP-HADT1D5" failures="0" tests="3" name="com.nxtgenai.grouping.ProductPageTest" time="0.004" errors="0" timestamp="2022-12-07T23:49:28 IST" skipped="0">
  <testcase classname="com.nxtgenai.grouping.ProductPageTest" name="addProductToCart" time="0.002"/>
  <system-out/>
  <testcase classname="com.nxtgenai.grouping.ProductPageTest" name="selectQuantity" time="0.001"/>
  <system-out/>
  <testcase classname="com.nxtgenai.grouping.ProductPageTest" name="addProductToWishlist" time="0.001"/>
  <system-out/>
</testsuite> <!-- com.nxtgenai.grouping.ProductPageTest -->
