<?xml version="1.0" encoding="UTF-8"?>
<!-- Generated by org.testng.reporters.JUnitReportReporter -->
<testsuite hostname="DESKTOP-HADT1D5" failures="0" tests="9" name="com.nxtgenai.grouping.NxtGenAISuite" time="0.020" errors="0" timestamp="2022-12-01T23:12:57 IST" skipped="0">
  <testcase classname="com.nxtgenai.grouping.NxtGenAISuite" name="navigateToRegisterForm" time="0.008"/>
  <system-out/>
  <testcase classname="com.nxtgenai.grouping.NxtGenAISuite" name="registerDemo" time="0.002"/>
  <system-out/>
  <testcase classname="com.nxtgenai.grouping.NxtGenAISuite" name="navigateToPythonForDataScience" time="0.001"/>
  <system-out/>
  <testcase classname="com.nxtgenai.grouping.NxtGenAISuite" name="navigateToAutomationWindow" time="0.002"/>
  <system-out/>
  <testcase classname="com.nxtgenai.grouping.NxtGenAISuite" name="handleNewBrowserWindow" time="0.002"/>
  <system-out/>
  <testcase classname="com.nxtgenai.grouping.NxtGenAISuite" name="navigateToAutomationAlertPopUp" time="0.002"/>
  <system-out/>
  <testcase classname="com.nxtgenai.grouping.NxtGenAISuite" name="handleConfirmAlertPopUp" time="0.001"/>
  <system-out/>
  <testcase classname="com.nxtgenai.grouping.NxtGenAISuite" name="NavigateToAutomationTable" time="0.001"/>
  <system-out/>
  <testcase classname="com.nxtgenai.grouping.NxtGenAISuite" name="extractsEmployeeDetails" time="0.001"/>
  <system-out/>
</testsuite> <!-- com.nxtgenai.grouping.NxtGenAISuite -->
