<?xml version="1.0" encoding="UTF-8"?>
<!-- Generated by org.testng.reporters.JUnitReportReporter -->
<testsuite hostname="DESKTOP-HADT1D5" failures="0" tests="4" name="com.nxtgenai.testngannotation.RegisterDemo" time="0.019" errors="0" timestamp="2022-11-12T16:39:10 IST" skipped="0">
  <testcase classname="com.nxtgenai.testngannotation.RegisterDemo" name="launchApplication" time="0.013"/>
  <system-out/>
  <testcase classname="com.nxtgenai.testngannotation.RegisterDemo" name="navigateToRegisterDemoPage" time="0.002"/>
  <system-out/>
  <testcase classname="com.nxtgenai.testngannotation.RegisterDemo" name="userRegister" time="0.001"/>
  <system-out/>
  <testcase classname="com.nxtgenai.testngannotation.RegisterDemo" name="closeApplication" time="0.003"/>
  <system-out/>
</testsuite> <!-- com.nxtgenai.testngannotation.RegisterDemo -->
