<?xml version="1.0" encoding="UTF-8"?>
<!-- Generated by org.testng.reporters.JUnitReportReporter -->
<testsuite hostname="DESKTOP-HADT1D5" failures="0" tests="4" name="com.nxtgenai.grouping.InvocationCountTestDemo3" time="32.244" errors="0" timestamp="2022-12-21T00:09:44 IST" skipped="0">
  <testcase classname="com.nxtgenai.grouping.InvocationCountTestDemo3" name="testCase1" time="8.796"/>
  <system-out/>
  <testcase classname="com.nxtgenai.grouping.InvocationCountTestDemo3" name="testCase1" time="8.844"/>
  <system-out/>
  <testcase classname="com.nxtgenai.grouping.InvocationCountTestDemo3" name="testCase1" time="5.760"/>
  <system-out/>
  <testcase classname="com.nxtgenai.grouping.InvocationCountTestDemo3" name="testCase1" time="8.844"/>
  <system-out/>
</testsuite> <!-- com.nxtgenai.grouping.InvocationCountTestDemo3 -->
