<?xml version="1.0" encoding="UTF-8"?>
<!-- Generated by org.testng.reporters.JUnitReportReporter -->
<testsuite hostname="DESKTOP-HADT1D5" failures="0" tests="2" name="com.nxtgenai.crossbrowsertesting.TestNGParameterGoogleSearch" time="0.209" errors="0" timestamp="2022-12-04T15:43:22 IST" skipped="0">
  <testcase classname="com.nxtgenai.crossbrowsertesting.TestNGParameterGoogleSearch" name="googleSearch" time="0.118"/>
  <system-out/>
  <testcase classname="com.nxtgenai.crossbrowsertesting.TestNGParameterGoogleSearch" name="googleSearch" time="0.091"/>
  <system-out/>
</testsuite> <!-- com.nxtgenai.crossbrowsertesting.TestNGParameterGoogleSearch -->
