<?xml version="1.0" encoding="UTF-8"?>
<!-- Generated by org.testng.reporters.JUnitReportReporter -->
<testsuite hostname="DESKTOP-HADT1D5" failures="0" tests="13" name="com.nxtgenai.grouping.InvocationCountTestDemo2" time="0.030" errors="0" timestamp="2022-12-21T00:00:21 IST" skipped="0">
  <testcase classname="com.nxtgenai.grouping.InvocationCountTestDemo2" name="testCase2" time="0.001"/>
  <system-out/>
  <testcase classname="com.nxtgenai.grouping.InvocationCountTestDemo2" name="testCase1" time="0.009"/>
  <system-out/>
  <testcase classname="com.nxtgenai.grouping.InvocationCountTestDemo2" name="testCase4" time="0.003"/>
  <system-out/>
  <testcase classname="com.nxtgenai.grouping.InvocationCountTestDemo2" name="testCase1" time="0.002"/>
  <system-out/>
  <testcase classname="com.nxtgenai.grouping.InvocationCountTestDemo2" name="testCase1" time="0.002"/>
  <system-out/>
  <testcase classname="com.nxtgenai.grouping.InvocationCountTestDemo2" name="testCase1" time="0.002"/>
  <system-out/>
  <testcase classname="com.nxtgenai.grouping.InvocationCountTestDemo2" name="testCase1" time="0.001"/>
  <system-out/>
  <testcase classname="com.nxtgenai.grouping.InvocationCountTestDemo2" name="testCase1" time="0.002"/>
  <system-out/>
  <testcase classname="com.nxtgenai.grouping.InvocationCountTestDemo2" name="testCase2" time="0.001"/>
  <system-out/>
  <testcase classname="com.nxtgenai.grouping.InvocationCountTestDemo2" name="testCase2" time="0.001"/>
  <system-out/>
  <testcase classname="com.nxtgenai.grouping.InvocationCountTestDemo2" name="testCase3" time="0.003"/>
  <system-out/>
  <testcase classname="com.nxtgenai.grouping.InvocationCountTestDemo2" name="testCase3" time="0.002"/>
  <system-out/>
  <testcase classname="com.nxtgenai.grouping.InvocationCountTestDemo2" name="testCase3" time="0.001"/>
  <system-out/>
</testsuite> <!-- com.nxtgenai.grouping.InvocationCountTestDemo2 -->
