<?xml version="1.0" encoding="UTF-8"?>
<!-- Generated by org.testng.reporters.JUnitReportReporter -->
<testsuite hostname="DESKTOP-HADT1D5" failures="0" tests="6" name="com.nxtgenai.registerdemotestng.RegisterDemoTestNG" time="16.592" errors="0" timestamp="2022-12-05T15:16:22 IST" skipped="0">
  <testcase classname="com.nxtgenai.registerdemotestng.RegisterDemoTestNG" name="navigateToRegisterDemoPage" time="2.279"/>
  <system-out>
    <![CDATA[Navigated to the Register Demo Page
Registered Title is displayed
Registered Title is Enabled
Register Title text is : Register For Demo]]>
  </system-out>
  <testcase classname="com.nxtgenai.registerdemotestng.RegisterDemoTestNG" name="navigateToRegisterDemoPage" time="2.673"/>
  <system-out>
    <![CDATA[Navigated to the Register Demo Page
Registered Title is displayed
Registered Title is Enabled
Register Title text is : Register For Demo]]>
  </system-out>
  <testcase classname="com.nxtgenai.registerdemotestng.RegisterDemoTestNG" name="userRegister" time="6.447"/>
  <system-out>
    <![CDATA[First Name is Displayed
First name is Enabled
The Present First Name Values is :Ashish
Last Name is Displayed
Last name is Enabled
The Present Last Name Values is :Sahu
Male Radio Button is Displayed
Male Radio Button is Enabled
Male Radio Button is not Selected
Male Radio button has been Selected.
Verified Male Radio Button is Selected
Street Address is Displayed
Street Address is Enabled
Present Street Address value is :D.M.Compound
Apartment Address is Displayed
Apartment Address is Enabled
Present Apartment Address value is :D-37
City Address is Displayed
City Address is Enabled
Present City Address value is :Firozabad
State Address is Displayed
State Address is Enabled
Present state Address value is :Uttar Pradesh
Postal Code is Displayed
Postal Code is Enabled
Present Postal Code value is :200203
Country DropDown is Displayed
Country DropDown is Enabled
Present Country DropDown is :India
Email is Displayed
Email is Enabled
Present Email value is :ashu@gmail.com
Date of Demo is Displayed
Date of Demo is Enabled
Present Date of Demo value is :11/20/2022
Hours drop down is Displayed
Hours drop down is Enabled
Present Hours drop down value is :09
Minute drop down is Displayed
Minute drop down is Enabled
Present Minute drop down value is :30
Mobile Number is Displayed
Mobile Number is Enabled
Present Mobile Number value is :4564574574
Selenium WebDriver Check box is displayed
Selenium WebDriver Check box is Enabled
Verified Selenium WebDriver Check box is not Selected
Selenium WebDriver Check box has Selected
Verified Selenium WebDriver Check box is Selected
Functional testing Check box is displayed
Functional testing Check box is Enabled
Verified Functional testing Check box is not Selected
Functional testing Check box has Selected
Verified Functional testing Check box is Selected
Enter Your Query is Displayed
Enter Your Query is Enabled
Present Enter Your Query is :When is Selenium Framework ends ?
Enter Any two digit is Displayed
Enter ANy two digits is Enabled
Enter Any two digits is: 99
Submit button is displayed
Submit button is Enable
Submit button is clicked]]>
  </system-out>
  <testcase classname="com.nxtgenai.registerdemotestng.RegisterDemoTestNG" name="userRegister" time="5.107"/>
  <system-out>
    <![CDATA[First Name is Displayed
First name is Enabled
The Present First Name Values is :Ashish
Last Name is Displayed
Last name is Enabled
The Present Last Name Values is :Sahu
Male Radio Button is Displayed
Male Radio Button is Enabled
Male Radio Button is not Selected
Male Radio button has been Selected.
Verified Male Radio Button is Selected
Street Address is Displayed
Street Address is Enabled
Present Street Address value is :D.M.Compound
Apartment Address is Displayed
Apartment Address is Enabled
Present Apartment Address value is :D-37
City Address is Displayed
City Address is Enabled
Present City Address value is :Firozabad
State Address is Displayed
State Address is Enabled
Present state Address value is :Uttar Pradesh
Postal Code is Displayed
Postal Code is Enabled
Present Postal Code value is :200203
Country DropDown is Displayed
Country DropDown is Enabled
Present Country DropDown is :India
Email is Displayed
Email is Enabled
Present Email value is :ashu@gmail.com
Date of Demo is Displayed
Date of Demo is Enabled
Present Date of Demo value is :11/20/2022
Hours drop down is Displayed
Hours drop down is Enabled
Present Hours drop down value is :09
Minute drop down is Displayed
Minute drop down is Enabled
Present Minute drop down value is :30
Mobile Number is Displayed
Mobile Number is Enabled
Present Mobile Number value is :4564574574
Selenium WebDriver Check box is displayed
Selenium WebDriver Check box is Enabled
Verified Selenium WebDriver Check box is not Selected
Selenium WebDriver Check box has Selected
Verified Selenium WebDriver Check box is Selected
Functional testing Check box is displayed
Functional testing Check box is Enabled
Verified Functional testing Check box is not Selected
Functional testing Check box has Selected
Verified Functional testing Check box is Selected
Enter Your Query is Displayed
Enter Your Query is Enabled
Present Enter Your Query is :When is Selenium Framework ends ?
Enter Any two digit is Displayed
Enter ANy two digits is Enabled
Enter Any two digits is: 99
Submit button is displayed
Submit button is Enable
Submit button is clicked]]>
  </system-out>
  <testcase classname="com.nxtgenai.registerdemotestng.RegisterDemoTestNG" name="validateSuccessfulMessage" time="0.044"/>
  <system-out>
    <![CDATA[Successfull Message text is displayed
Actual Success Message Text is: Registration Form is Successfully Submitted. The Transaction ID : NXTGEN1937465]]>
  </system-out>
  <testcase classname="com.nxtgenai.registerdemotestng.RegisterDemoTestNG" name="validateSuccessfulMessage" time="0.042"/>
  <system-out>
    <![CDATA[Successfull Message text is displayed
Actual Success Message Text is: Registration Form is Successfully Submitted. The Transaction ID : NXTGEN1937465]]>
  </system-out>
</testsuite> <!-- com.nxtgenai.registerdemotestng.RegisterDemoTestNG -->
