<?xml version="1.0" encoding="UTF-8"?>
<!-- Generated by org.testng.reporters.JUnitReportReporter -->
<testsuite hostname="DESKTOP-HADT1D5" failures="0" tests="2" name="com.nxtgenai.dataprovidertesting.ParallelTestDemo1" time="0.117" errors="0" timestamp="2022-12-05T17:21:26 IST" skipped="0">
  <testcase classname="com.nxtgenai.dataprovidertesting.ParallelTestDemo1" name="verifyTitle" time="0.044"/>
  <system-out/>
  <testcase classname="com.nxtgenai.dataprovidertesting.ParallelTestDemo1" name="verifyLogo" time="0.073"/>
  <system-out/>
</testsuite> <!-- com.nxtgenai.dataprovidertesting.ParallelTestDemo1 -->
