<?xml version="1.0" encoding="UTF-8"?>
<!-- Generated by org.testng.reporters.JUnitReportReporter -->
<testsuite hostname="DESKTOP-HADT1D5" failures="0" tests="2" name="com.nxtgenai.grouping.LoginTest" time="0.003" errors="0" timestamp="2022-12-07T23:48:16 IST" skipped="0">
  <testcase classname="com.nxtgenai.grouping.LoginTest" name="loginByEmail" time="0.001"/>
  <system-out/>
  <testcase classname="com.nxtgenai.grouping.LoginTest" name="loginByMobile" time="0.002"/>
  <system-out/>
</testsuite> <!-- com.nxtgenai.grouping.LoginTest -->
