<?xml version="1.0" encoding="UTF-8"?>
<!-- Generated by org.testng.reporters.JUnitReportReporter -->
<testsuite hostname="DESKTOP-HADT1D5" failures="0" tests="5" name="com.nxtgenai.grouping.InvocationCountTestDemo" time="0.018" errors="0" timestamp="2022-12-21T00:00:00 IST" skipped="0">
  <testcase classname="com.nxtgenai.grouping.InvocationCountTestDemo" name="testCase1" time="0.010"/>
  <system-out/>
  <testcase classname="com.nxtgenai.grouping.InvocationCountTestDemo" name="testCase2" time="0.002"/>
  <system-out/>
  <testcase classname="com.nxtgenai.grouping.InvocationCountTestDemo" name="testCase2" time="0.002"/>
  <system-out/>
  <testcase classname="com.nxtgenai.grouping.InvocationCountTestDemo" name="testCase2" time="0.002"/>
  <system-out/>
  <testcase classname="com.nxtgenai.grouping.InvocationCountTestDemo" name="testCase1" time="0.002"/>
  <system-out/>
</testsuite> <!-- com.nxtgenai.grouping.InvocationCountTestDemo -->
