<?xml version="1.0" encoding="UTF-8"?>
<!-- Generated by org.testng.reporters.JUnitReportReporter -->
<testsuite hostname="DESKTOP-HADT1D5" failures="0" tests="1" name="com.nxtgenai.testngreports.TestNGReportDemo1" time="11.203" errors="0" timestamp="2022-12-25T17:20:22 IST" skipped="0">
  <testcase classname="com.nxtgenai.testngreports.TestNGReportDemo1" name="search" time="11.203"/>
  <system-out>
    <![CDATA[Chrome Browser launched
Browser launched
Url is opened
Search keyword and hi enter key
closing he browser]]>
  </system-out>
</testsuite> <!-- com.nxtgenai.testngreports.TestNGReportDemo1 -->
