<?xml version="1.0" encoding="UTF-8"?>
<!-- Generated by org.testng.reporters.JUnitReportReporter -->
<testsuite hostname="DESKTOP-HADT1D5" failures="0" tests="5" name="com.nxtgenai.testngannotation.AlphabaticOrder" time="0.026" errors="0" timestamp="2022-11-11T23:51:25 IST" skipped="0">
  <testcase classname="com.nxtgenai.testngannotation.AlphabaticOrder" name="a" time="0.015"/>
  <system-out/>
  <testcase classname="com.nxtgenai.testngannotation.AlphabaticOrder" name="f" time="0.002"/>
  <system-out/>
  <testcase classname="com.nxtgenai.testngannotation.AlphabaticOrder" name="g" time="0.003"/>
  <system-out/>
  <testcase classname="com.nxtgenai.testngannotation.AlphabaticOrder" name="c" time="0.004"/>
  <system-out/>
  <testcase classname="com.nxtgenai.testngannotation.AlphabaticOrder" name="v" time="0.002"/>
  <system-out/>
</testsuite> <!-- com.nxtgenai.testngannotation.AlphabaticOrder -->
