<?xml version="1.0" encoding="UTF-8"?>
<!-- Generated by org.testng.reporters.JUnitReportReporter -->
<testsuite hostname="DESKTOP-HADT1D5" failures="0" tests="4" name="com.nxtgenai.beforeandafterannotation.ScreenNavigationMethod" time="0.017" errors="0" timestamp="2022-11-12T16:39:10 IST" skipped="0">
  <testcase classname="com.nxtgenai.beforeandafterannotation.ScreenNavigationMethod" name="navigateToRegisterDemo" time="0.008"/>
  <system-out/>
  <testcase classname="com.nxtgenai.beforeandafterannotation.ScreenNavigationMethod" name="navigateToAlertPopUp" time="0.003"/>
  <system-out/>
  <testcase classname="com.nxtgenai.beforeandafterannotation.ScreenNavigationMethod" name="navigateToMultipleWindows" time="0.003"/>
  <system-out/>
  <testcase classname="com.nxtgenai.beforeandafterannotation.ScreenNavigationMethod" name="navigateToWebTable" time="0.003"/>
  <system-out/>
</testsuite> <!-- com.nxtgenai.beforeandafterannotation.ScreenNavigationMethod -->
