<?xml version="1.0" encoding="UTF-8"?>
<!-- Generated by org.testng.reporters.JUnitReportReporter -->
<testsuite hostname="DESKTOP-HADT1D5" failures="0" tests="6" name="com.nxtgenai.testngannotation.BankingApplication" time="0.015" errors="0" timestamp="2022-11-12T00:51:03 IST" skipped="0">
  <testcase classname="com.nxtgenai.testngannotation.BankingApplication" name="launchApplication" time="0.008"/>
  <system-out/>
  <testcase classname="com.nxtgenai.testngannotation.BankingApplication" name="loginUser" time="0.001"/>
  <system-out/>
  <testcase classname="com.nxtgenai.testngannotation.BankingApplication" name="checkSavingAccountBalance" time="0.001"/>
  <system-out/>
  <testcase classname="com.nxtgenai.testngannotation.BankingApplication" name="checkCurrentAccountBalance" time="0.001"/>
  <system-out/>
  <testcase classname="com.nxtgenai.testngannotation.BankingApplication" name="logout" time="0.002"/>
  <system-out/>
  <testcase classname="com.nxtgenai.testngannotation.BankingApplication" name="closeApplication" time="0.002"/>
  <system-out/>
</testsuite> <!-- com.nxtgenai.testngannotation.BankingApplication -->
