<?xml version="1.0" encoding="UTF-8"?>
<!-- Generated by org.testng.reporters.JUnitReportReporter -->
<testsuite hostname="DESKTOP-HADT1D5" failures="0" tests="1" name="com.nxtgenai.crossbrowsertesting.SoftwareCompanyParameterDemo" time="0.001" errors="0" timestamp="2022-12-04T15:14:21 IST" skipped="0">
  <testcase classname="com.nxtgenai.crossbrowsertesting.SoftwareCompanyParameterDemo" name="testCase1" time="0.001"/>
  <system-out/>
</testsuite> <!-- com.nxtgenai.crossbrowsertesting.SoftwareCompanyParameterDemo -->
